2024-04-08 22:27:36,553 WARN o.a.p.x.u.XSSFWorkbook [main] Cloning sheets with page setup is not yet supported.
2024-04-08 22:27:36,567 WARN o.a.p.x.u.XSSFWorkbook [main] Cloning sheets with page setup is not yet supported.
2024-04-08 22:27:36,572 WARN o.a.p.x.u.XSSFWorkbook [main] Cloning sheets with page setup is not yet supported.
2024-04-08 22:27:36,576 WARN o.a.p.x.u.XSSFWorkbook [main] Cloning sheets with page setup is not yet supported.
2024-04-08 22:27:36,579 WARN o.a.p.x.u.XSSFWorkbook [main] Cloning sheets with page setup is not yet supported.
2024-04-08 22:27:36,583 WARN o.a.p.x.u.XSSFWorkbook [main] Cloning sheets with page setup is not yet supported.
2024-04-08 22:27:36,585 WARN o.a.p.x.u.XSSFWorkbook [main] Cloning sheets with page setup is not yet supported.
2024-04-08 22:27:36,588 WARN o.a.p.x.u.XSSFWorkbook [main] Cloning sheets with page setup is not yet supported.
2024-04-08 22:27:36,592 WARN o.a.p.x.u.XSSFWorkbook [main] Cloning sheets with page setup is not yet supported.
2024-04-08 22:27:37,367 WARN o.a.p.x.u.XSSFWorkbook [main] Cloning sheets with page setup is not yet supported.
2024-04-08 22:27:37,369 WARN o.a.p.x.u.XSSFWorkbook [main] Cloning sheets with page setup is not yet supported.
2024-04-08 22:27:37,371 WARN o.a.p.x.u.XSSFWorkbook [main] Cloning sheets with page setup is not yet supported.
2024-04-08 22:27:37,373 WARN o.a.p.x.u.XSSFWorkbook [main] Cloning sheets with page setup is not yet supported.
2024-04-08 22:27:37,375 WARN o.a.p.x.u.XSSFWorkbook [main] Cloning sheets with page setup is not yet supported.
2024-04-08 22:27:37,377 WARN o.a.p.x.u.XSSFWorkbook [main] Cloning sheets with page setup is not yet supported.
2024-04-08 22:27:37,379 WARN o.a.p.x.u.XSSFWorkbook [main] Cloning sheets with page setup is not yet supported.
2024-04-08 22:27:37,381 WARN o.a.p.x.u.XSSFWorkbook [main] Cloning sheets with page setup is not yet supported.
2024-04-08 22:27:37,383 WARN o.a.p.x.u.XSSFWorkbook [main] Cloning sheets with page setup is not yet supported.
2024-04-08 22:27:44,294 WARN o.a.p.x.u.XSSFWorkbook [main] Cloning sheets with page setup is not yet supported.
2024-04-08 22:27:44,296 WARN o.a.p.x.u.XSSFWorkbook [main] Cloning sheets with page setup is not yet supported.
2024-04-08 22:27:44,298 WARN o.a.p.x.u.XSSFWorkbook [main] Cloning sheets with page setup is not yet supported.
2024-04-08 22:27:44,300 WARN o.a.p.x.u.XSSFWorkbook [main] Cloning sheets with page setup is not yet supported.
2024-04-08 22:27:44,302 WARN o.a.p.x.u.XSSFWorkbook [main] Cloning sheets with page setup is not yet supported.
2024-04-08 22:27:44,304 WARN o.a.p.x.u.XSSFWorkbook [main] Cloning sheets with page setup is not yet supported.
2024-04-08 22:27:44,307 WARN o.a.p.x.u.XSSFWorkbook [main] Cloning sheets with page setup is not yet supported.
2024-04-08 22:27:44,389 WARN o.a.p.x.u.XSSFWorkbook [main] Cloning sheets with page setup is not yet supported.
2024-04-08 22:27:44,391 WARN o.a.p.x.u.XSSFWorkbook [main] Cloning sheets with page setup is not yet supported.
2024-04-08 22:27:44,393 WARN o.a.p.x.u.XSSFWorkbook [main] Cloning sheets with page setup is not yet supported.
2024-04-08 22:27:44,396 WARN o.a.p.x.u.XSSFWorkbook [main] Cloning sheets with page setup is not yet supported.
2024-04-08 22:27:44,398 WARN o.a.p.x.u.XSSFWorkbook [main] Cloning sheets with page setup is not yet supported.
2024-04-08 22:27:44,400 WARN o.a.p.x.u.XSSFWorkbook [main] Cloning sheets with page setup is not yet supported.
2024-04-08 22:27:44,402 WARN o.a.p.x.u.XSSFWorkbook [main] Cloning sheets with page setup is not yet supported.
2024-04-08 22:27:45,110 WARN o.a.p.x.u.XSSFWorkbook [main] Cloning sheets with page setup is not yet supported.
2024-04-08 22:27:45,114 WARN o.a.p.x.u.XSSFWorkbook [main] Cloning sheets with page setup is not yet supported.
2024-04-08 22:27:45,116 WARN o.a.p.x.u.XSSFWorkbook [main] Cloning sheets with page setup is not yet supported.
2024-04-08 22:27:45,118 WARN o.a.p.x.u.XSSFWorkbook [main] Cloning sheets with page setup is not yet supported.
2024-04-08 22:27:45,120 WARN o.a.p.x.u.XSSFWorkbook [main] Cloning sheets with page setup is not yet supported.
2024-04-08 22:27:45,122 WARN o.a.p.x.u.XSSFWorkbook [main] Cloning sheets with page setup is not yet supported.
2024-04-08 22:27:46,269 WARN o.a.c.j.Interpreter [main] ![0,3]: 'dne;' undefined variable dne
2024-04-08 22:27:46,272 WARN o.a.c.j.Interpreter [main] ![0,3]: 'dne;' undefined variable dne
2024-04-08 22:27:46,278 WARN o.a.c.j.Interpreter [main] ![0,3]: 'dne;' undefined variable dne
2024-04-08 22:27:46,283 WARN o.a.c.j.Interpreter [main] ![0,3]: 'dne;' undefined variable dne
2024-04-08 22:27:46,284 WARN o.a.c.j.Interpreter [main] ![0,3]: 'dne;' undefined variable dne
2024-04-08 22:27:46,285 WARN o.a.c.j.Interpreter [main] ![0,3]: 'dne;' undefined variable dne
2024-04-08 22:27:46,288 WARN o.a.c.j.Interpreter [main] ![0,3]: 'dne;' undefined variable dne
2024-04-08 22:27:46,426 ERROR n.s.j.t.CellTransformer [main] An error has occurred: Invalid tag: <jt:doesnotexist/> at DNE!B47 (originally located at DNE!B3)
  inside tag "if" (net.sf.jett.tag.IfTag), at DNE!B47 (originally at DNE!B3)
  inside tag "forEach" (net.sf.jett.tag.ForEachTag), at DNE!A47 (originally at DNE!A3)
  inside tag "forEach" (net.sf.jett.tag.ForEachTag), at DNE!A1 (originally at DNE!A1)
net.sf.jett.exception.TagParseException: Invalid tag: <jt:doesnotexist/> at DNE!B47 (originally located at DNE!B3)
  inside tag "if" (net.sf.jett.tag.IfTag), at DNE!B47 (originally at DNE!B3)
  inside tag "forEach" (net.sf.jett.tag.ForEachTag), at DNE!A47 (originally at DNE!A3)
  inside tag "forEach" (net.sf.jett.tag.ForEachTag), at DNE!A1 (originally at DNE!A1)
	at net.sf.jett.transform.CellTransformer.transformCellTag(CellTransformer.java:294) ~[classes/:?]
	at net.sf.jett.transform.CellTransformer.transform(CellTransformer.java:124) ~[classes/:?]
	at net.sf.jett.transform.BlockTransformer.transform(BlockTransformer.java:73) ~[classes/:?]
	at net.sf.jett.transform.BlockTransformer.transform(BlockTransformer.java:36) ~[classes/:?]
	at net.sf.jett.tag.IfTag.process(IfTag.java:204) ~[classes/:?]
	at net.sf.jett.tag.BaseTag.processTag(BaseTag.java:244) ~[classes/:?]
	at net.sf.jett.transform.CellTransformer.transformCellTag(CellTransformer.java:303) ~[classes/:?]
	at net.sf.jett.transform.CellTransformer.transform(CellTransformer.java:124) ~[classes/:?]
	at net.sf.jett.transform.BlockTransformer.transform(BlockTransformer.java:73) ~[classes/:?]
	at net.sf.jett.transform.BlockTransformer.transform(BlockTransformer.java:36) ~[classes/:?]
	at net.sf.jett.tag.BaseLoopTag.process(BaseLoopTag.java:512) ~[classes/:?]
	at net.sf.jett.tag.BaseTag.processTag(BaseTag.java:244) ~[classes/:?]
	at net.sf.jett.transform.CellTransformer.transformCellTag(CellTransformer.java:303) ~[classes/:?]
	at net.sf.jett.transform.CellTransformer.transform(CellTransformer.java:124) ~[classes/:?]
	at net.sf.jett.transform.BlockTransformer.transform(BlockTransformer.java:73) ~[classes/:?]
	at net.sf.jett.transform.BlockTransformer.transform(BlockTransformer.java:36) ~[classes/:?]
	at net.sf.jett.tag.BaseLoopTag.process(BaseLoopTag.java:512) ~[classes/:?]
	at net.sf.jett.tag.BaseTag.processTag(BaseTag.java:244) ~[classes/:?]
	at net.sf.jett.transform.CellTransformer.transformCellTag(CellTransformer.java:303) ~[classes/:?]
	at net.sf.jett.transform.CellTransformer.transform(CellTransformer.java:124) ~[classes/:?]
	at net.sf.jett.transform.BlockTransformer.transform(BlockTransformer.java:73) ~[classes/:?]
	at net.sf.jett.transform.BlockTransformer.transform(BlockTransformer.java:36) ~[classes/:?]
	at net.sf.jett.transform.SheetTransformer.transform(SheetTransformer.java:151) ~[classes/:?]
	at net.sf.jett.transform.SheetTransformer.transform(SheetTransformer.java:77) ~[classes/:?]
	at net.sf.jett.transform.ExcelTransformer.transform(ExcelTransformer.java:405) ~[classes/:?]
	at net.sf.jett.transform.ExcelTransformer.transform(ExcelTransformer.java:379) ~[classes/:?]
	at net.sf.jett.test.TestCase.genericTest(TestCase.java:171) ~[test-classes/:?]
	at net.sf.jett.test.TestCase.testXls(TestCase.java:65) ~[test-classes/:?]
	at net.sf.jett.test.TagDoesNotExistTest.testXls(TagDoesNotExistTest.java:33) ~[test-classes/:?]
	at jdk.internal.reflect.NativeMethodAccessorImpl.invoke0(Native Method) ~[?:?]
	at jdk.internal.reflect.NativeMethodAccessorImpl.invoke(NativeMethodAccessorImpl.java:77) ~[?:?]
	at jdk.internal.reflect.DelegatingMethodAccessorImpl.invoke(DelegatingMethodAccessorImpl.java:43) ~[?:?]
	at java.lang.reflect.Method.invoke(Method.java:568) ~[?:?]
	at org.junit.runners.model.FrameworkMethod$1.runReflectiveCall(FrameworkMethod.java:44) ~[junit-4.8.2.jar:?]
	at org.junit.internal.runners.model.ReflectiveCallable.run(ReflectiveCallable.java:15) ~[junit-4.8.2.jar:?]
	at org.junit.runners.model.FrameworkMethod.invokeExplosively(FrameworkMethod.java:41) ~[junit-4.8.2.jar:?]
	at org.junit.internal.runners.statements.InvokeMethod.evaluate(InvokeMethod.java:20) ~[junit-4.8.2.jar:?]
	at org.junit.runners.BlockJUnit4ClassRunner.runNotIgnored(BlockJUnit4ClassRunner.java:79) ~[junit-4.8.2.jar:?]
	at org.junit.runners.BlockJUnit4ClassRunner.runChild(BlockJUnit4ClassRunner.java:71) ~[junit-4.8.2.jar:?]
	at org.junit.runners.BlockJUnit4ClassRunner.runChild(BlockJUnit4ClassRunner.java:49) ~[junit-4.8.2.jar:?]
	at org.junit.runners.ParentRunner$3.run(ParentRunner.java:193) ~[junit-4.8.2.jar:?]
	at org.junit.runners.ParentRunner$1.schedule(ParentRunner.java:52) ~[junit-4.8.2.jar:?]
	at org.junit.runners.ParentRunner.runChildren(ParentRunner.java:191) ~[junit-4.8.2.jar:?]
	at org.junit.runners.ParentRunner.access$000(ParentRunner.java:42) ~[junit-4.8.2.jar:?]
	at org.junit.runners.ParentRunner$2.evaluate(ParentRunner.java:184) ~[junit-4.8.2.jar:?]
	at org.junit.runners.ParentRunner.run(ParentRunner.java:236) ~[junit-4.8.2.jar:?]
	at org.apache.maven.surefire.junit4.JUnit4Provider.execute(JUnit4Provider.java:316) ~[surefire-junit4-3.0.0.jar:3.0.0]
	at org.apache.maven.surefire.junit4.JUnit4Provider.executeWithRerun(JUnit4Provider.java:240) ~[surefire-junit4-3.0.0.jar:3.0.0]
	at org.apache.maven.surefire.junit4.JUnit4Provider.executeTestSet(JUnit4Provider.java:214) ~[surefire-junit4-3.0.0.jar:3.0.0]
	at org.apache.maven.surefire.junit4.JUnit4Provider.invoke(JUnit4Provider.java:155) ~[surefire-junit4-3.0.0.jar:3.0.0]
	at org.apache.maven.surefire.booter.ForkedBooter.runSuitesInProcess(ForkedBooter.java:385) ~[surefire-booter-3.0.0.jar:3.0.0]
	at org.apache.maven.surefire.booter.ForkedBooter.execute(ForkedBooter.java:162) ~[surefire-booter-3.0.0.jar:3.0.0]
	at org.apache.maven.surefire.booter.ForkedBooter.run(ForkedBooter.java:507) ~[surefire-booter-3.0.0.jar:3.0.0]
	at org.apache.maven.surefire.booter.ForkedBooter.main(ForkedBooter.java:495) ~[surefire-booter-3.0.0.jar:3.0.0]
2024-04-08 22:27:46,439 ERROR n.s.j.t.CellTransformer [main] An error has occurred: Invalid tag: <jt:doesnotexist/> at DNE!B47 (originally located at DNE!B3)
  inside tag "if" (net.sf.jett.tag.IfTag), at DNE!B47 (originally at DNE!B3)
  inside tag "forEach" (net.sf.jett.tag.ForEachTag), at DNE!A47 (originally at DNE!A3)
  inside tag "forEach" (net.sf.jett.tag.ForEachTag), at DNE!A1 (originally at DNE!A1)
net.sf.jett.exception.TagParseException: Invalid tag: <jt:doesnotexist/> at DNE!B47 (originally located at DNE!B3)
  inside tag "if" (net.sf.jett.tag.IfTag), at DNE!B47 (originally at DNE!B3)
  inside tag "forEach" (net.sf.jett.tag.ForEachTag), at DNE!A47 (originally at DNE!A3)
  inside tag "forEach" (net.sf.jett.tag.ForEachTag), at DNE!A1 (originally at DNE!A1)
	at net.sf.jett.transform.CellTransformer.transformCellTag(CellTransformer.java:294) ~[classes/:?]
	at net.sf.jett.transform.CellTransformer.transform(CellTransformer.java:124) ~[classes/:?]
	at net.sf.jett.transform.BlockTransformer.transform(BlockTransformer.java:73) ~[classes/:?]
	at net.sf.jett.transform.BlockTransformer.transform(BlockTransformer.java:36) ~[classes/:?]
	at net.sf.jett.tag.IfTag.process(IfTag.java:204) ~[classes/:?]
	at net.sf.jett.tag.BaseTag.processTag(BaseTag.java:244) ~[classes/:?]
	at net.sf.jett.transform.CellTransformer.transformCellTag(CellTransformer.java:303) ~[classes/:?]
	at net.sf.jett.transform.CellTransformer.transform(CellTransformer.java:124) ~[classes/:?]
	at net.sf.jett.transform.BlockTransformer.transform(BlockTransformer.java:73) ~[classes/:?]
	at net.sf.jett.transform.BlockTransformer.transform(BlockTransformer.java:36) ~[classes/:?]
	at net.sf.jett.tag.BaseLoopTag.process(BaseLoopTag.java:512) ~[classes/:?]
	at net.sf.jett.tag.BaseTag.processTag(BaseTag.java:244) ~[classes/:?]
	at net.sf.jett.transform.CellTransformer.transformCellTag(CellTransformer.java:303) ~[classes/:?]
	at net.sf.jett.transform.CellTransformer.transform(CellTransformer.java:124) ~[classes/:?]
	at net.sf.jett.transform.BlockTransformer.transform(BlockTransformer.java:73) ~[classes/:?]
	at net.sf.jett.transform.BlockTransformer.transform(BlockTransformer.java:36) ~[classes/:?]
	at net.sf.jett.tag.BaseLoopTag.process(BaseLoopTag.java:512) ~[classes/:?]
	at net.sf.jett.tag.BaseTag.processTag(BaseTag.java:244) ~[classes/:?]
	at net.sf.jett.transform.CellTransformer.transformCellTag(CellTransformer.java:303) ~[classes/:?]
	at net.sf.jett.transform.CellTransformer.transform(CellTransformer.java:124) ~[classes/:?]
	at net.sf.jett.transform.BlockTransformer.transform(BlockTransformer.java:73) ~[classes/:?]
	at net.sf.jett.transform.BlockTransformer.transform(BlockTransformer.java:36) ~[classes/:?]
	at net.sf.jett.transform.SheetTransformer.transform(SheetTransformer.java:151) ~[classes/:?]
	at net.sf.jett.transform.SheetTransformer.transform(SheetTransformer.java:77) ~[classes/:?]
	at net.sf.jett.transform.ExcelTransformer.transform(ExcelTransformer.java:405) ~[classes/:?]
	at net.sf.jett.transform.ExcelTransformer.transform(ExcelTransformer.java:379) ~[classes/:?]
	at net.sf.jett.test.TestCase.genericTest(TestCase.java:171) ~[test-classes/:?]
	at net.sf.jett.test.TestCase.testXls(TestCase.java:65) ~[test-classes/:?]
	at net.sf.jett.test.TagDoesNotExistTest.testXls(TagDoesNotExistTest.java:33) ~[test-classes/:?]
	at jdk.internal.reflect.NativeMethodAccessorImpl.invoke0(Native Method) ~[?:?]
	at jdk.internal.reflect.NativeMethodAccessorImpl.invoke(NativeMethodAccessorImpl.java:77) ~[?:?]
	at jdk.internal.reflect.DelegatingMethodAccessorImpl.invoke(DelegatingMethodAccessorImpl.java:43) ~[?:?]
	at java.lang.reflect.Method.invoke(Method.java:568) ~[?:?]
	at org.junit.runners.model.FrameworkMethod$1.runReflectiveCall(FrameworkMethod.java:44) ~[junit-4.8.2.jar:?]
	at org.junit.internal.runners.model.ReflectiveCallable.run(ReflectiveCallable.java:15) ~[junit-4.8.2.jar:?]
	at org.junit.runners.model.FrameworkMethod.invokeExplosively(FrameworkMethod.java:41) ~[junit-4.8.2.jar:?]
	at org.junit.internal.runners.statements.InvokeMethod.evaluate(InvokeMethod.java:20) ~[junit-4.8.2.jar:?]
	at org.junit.runners.BlockJUnit4ClassRunner.runNotIgnored(BlockJUnit4ClassRunner.java:79) ~[junit-4.8.2.jar:?]
	at org.junit.runners.BlockJUnit4ClassRunner.runChild(BlockJUnit4ClassRunner.java:71) ~[junit-4.8.2.jar:?]
	at org.junit.runners.BlockJUnit4ClassRunner.runChild(BlockJUnit4ClassRunner.java:49) ~[junit-4.8.2.jar:?]
	at org.junit.runners.ParentRunner$3.run(ParentRunner.java:193) ~[junit-4.8.2.jar:?]
	at org.junit.runners.ParentRunner$1.schedule(ParentRunner.java:52) ~[junit-4.8.2.jar:?]
	at org.junit.runners.ParentRunner.runChildren(ParentRunner.java:191) ~[junit-4.8.2.jar:?]
	at org.junit.runners.ParentRunner.access$000(ParentRunner.java:42) ~[junit-4.8.2.jar:?]
	at org.junit.runners.ParentRunner$2.evaluate(ParentRunner.java:184) ~[junit-4.8.2.jar:?]
	at org.junit.runners.ParentRunner.run(ParentRunner.java:236) ~[junit-4.8.2.jar:?]
	at org.apache.maven.surefire.junit4.JUnit4Provider.execute(JUnit4Provider.java:316) ~[surefire-junit4-3.0.0.jar:3.0.0]
	at org.apache.maven.surefire.junit4.JUnit4Provider.executeWithRerun(JUnit4Provider.java:240) ~[surefire-junit4-3.0.0.jar:3.0.0]
	at org.apache.maven.surefire.junit4.JUnit4Provider.executeTestSet(JUnit4Provider.java:214) ~[surefire-junit4-3.0.0.jar:3.0.0]
	at org.apache.maven.surefire.junit4.JUnit4Provider.invoke(JUnit4Provider.java:155) ~[surefire-junit4-3.0.0.jar:3.0.0]
	at org.apache.maven.surefire.booter.ForkedBooter.runSuitesInProcess(ForkedBooter.java:385) ~[surefire-booter-3.0.0.jar:3.0.0]
	at org.apache.maven.surefire.booter.ForkedBooter.execute(ForkedBooter.java:162) ~[surefire-booter-3.0.0.jar:3.0.0]
	at org.apache.maven.surefire.booter.ForkedBooter.run(ForkedBooter.java:507) ~[surefire-booter-3.0.0.jar:3.0.0]
	at org.apache.maven.surefire.booter.ForkedBooter.main(ForkedBooter.java:495) ~[surefire-booter-3.0.0.jar:3.0.0]
2024-04-08 22:27:46,440 ERROR n.s.j.t.CellTransformer [main] An error has occurred: Invalid tag: <jt:doesnotexist/> at DNE!B47 (originally located at DNE!B3)
  inside tag "if" (net.sf.jett.tag.IfTag), at DNE!B47 (originally at DNE!B3)
  inside tag "forEach" (net.sf.jett.tag.ForEachTag), at DNE!A47 (originally at DNE!A3)
  inside tag "forEach" (net.sf.jett.tag.ForEachTag), at DNE!A1 (originally at DNE!A1)
net.sf.jett.exception.TagParseException: Invalid tag: <jt:doesnotexist/> at DNE!B47 (originally located at DNE!B3)
  inside tag "if" (net.sf.jett.tag.IfTag), at DNE!B47 (originally at DNE!B3)
  inside tag "forEach" (net.sf.jett.tag.ForEachTag), at DNE!A47 (originally at DNE!A3)
  inside tag "forEach" (net.sf.jett.tag.ForEachTag), at DNE!A1 (originally at DNE!A1)
	at net.sf.jett.transform.CellTransformer.transformCellTag(CellTransformer.java:294) ~[classes/:?]
	at net.sf.jett.transform.CellTransformer.transform(CellTransformer.java:124) ~[classes/:?]
	at net.sf.jett.transform.BlockTransformer.transform(BlockTransformer.java:73) ~[classes/:?]
	at net.sf.jett.transform.BlockTransformer.transform(BlockTransformer.java:36) ~[classes/:?]
	at net.sf.jett.tag.IfTag.process(IfTag.java:204) ~[classes/:?]
	at net.sf.jett.tag.BaseTag.processTag(BaseTag.java:244) ~[classes/:?]
	at net.sf.jett.transform.CellTransformer.transformCellTag(CellTransformer.java:303) ~[classes/:?]
	at net.sf.jett.transform.CellTransformer.transform(CellTransformer.java:124) ~[classes/:?]
	at net.sf.jett.transform.BlockTransformer.transform(BlockTransformer.java:73) ~[classes/:?]
	at net.sf.jett.transform.BlockTransformer.transform(BlockTransformer.java:36) ~[classes/:?]
	at net.sf.jett.tag.BaseLoopTag.process(BaseLoopTag.java:512) ~[classes/:?]
	at net.sf.jett.tag.BaseTag.processTag(BaseTag.java:244) ~[classes/:?]
	at net.sf.jett.transform.CellTransformer.transformCellTag(CellTransformer.java:303) ~[classes/:?]
	at net.sf.jett.transform.CellTransformer.transform(CellTransformer.java:124) ~[classes/:?]
	at net.sf.jett.transform.BlockTransformer.transform(BlockTransformer.java:73) ~[classes/:?]
	at net.sf.jett.transform.BlockTransformer.transform(BlockTransformer.java:36) ~[classes/:?]
	at net.sf.jett.tag.BaseLoopTag.process(BaseLoopTag.java:512) ~[classes/:?]
	at net.sf.jett.tag.BaseTag.processTag(BaseTag.java:244) ~[classes/:?]
	at net.sf.jett.transform.CellTransformer.transformCellTag(CellTransformer.java:303) ~[classes/:?]
	at net.sf.jett.transform.CellTransformer.transform(CellTransformer.java:124) ~[classes/:?]
	at net.sf.jett.transform.BlockTransformer.transform(BlockTransformer.java:73) ~[classes/:?]
	at net.sf.jett.transform.BlockTransformer.transform(BlockTransformer.java:36) ~[classes/:?]
	at net.sf.jett.transform.SheetTransformer.transform(SheetTransformer.java:151) ~[classes/:?]
	at net.sf.jett.transform.SheetTransformer.transform(SheetTransformer.java:77) ~[classes/:?]
	at net.sf.jett.transform.ExcelTransformer.transform(ExcelTransformer.java:405) ~[classes/:?]
	at net.sf.jett.transform.ExcelTransformer.transform(ExcelTransformer.java:379) ~[classes/:?]
	at net.sf.jett.test.TestCase.genericTest(TestCase.java:171) ~[test-classes/:?]
	at net.sf.jett.test.TestCase.testXls(TestCase.java:65) ~[test-classes/:?]
	at net.sf.jett.test.TagDoesNotExistTest.testXls(TagDoesNotExistTest.java:33) ~[test-classes/:?]
	at jdk.internal.reflect.NativeMethodAccessorImpl.invoke0(Native Method) ~[?:?]
	at jdk.internal.reflect.NativeMethodAccessorImpl.invoke(NativeMethodAccessorImpl.java:77) ~[?:?]
	at jdk.internal.reflect.DelegatingMethodAccessorImpl.invoke(DelegatingMethodAccessorImpl.java:43) ~[?:?]
	at java.lang.reflect.Method.invoke(Method.java:568) ~[?:?]
	at org.junit.runners.model.FrameworkMethod$1.runReflectiveCall(FrameworkMethod.java:44) ~[junit-4.8.2.jar:?]
	at org.junit.internal.runners.model.ReflectiveCallable.run(ReflectiveCallable.java:15) ~[junit-4.8.2.jar:?]
	at org.junit.runners.model.FrameworkMethod.invokeExplosively(FrameworkMethod.java:41) ~[junit-4.8.2.jar:?]
	at org.junit.internal.runners.statements.InvokeMethod.evaluate(InvokeMethod.java:20) ~[junit-4.8.2.jar:?]
	at org.junit.runners.BlockJUnit4ClassRunner.runNotIgnored(BlockJUnit4ClassRunner.java:79) ~[junit-4.8.2.jar:?]
	at org.junit.runners.BlockJUnit4ClassRunner.runChild(BlockJUnit4ClassRunner.java:71) ~[junit-4.8.2.jar:?]
	at org.junit.runners.BlockJUnit4ClassRunner.runChild(BlockJUnit4ClassRunner.java:49) ~[junit-4.8.2.jar:?]
	at org.junit.runners.ParentRunner$3.run(ParentRunner.java:193) ~[junit-4.8.2.jar:?]
	at org.junit.runners.ParentRunner$1.schedule(ParentRunner.java:52) ~[junit-4.8.2.jar:?]
	at org.junit.runners.ParentRunner.runChildren(ParentRunner.java:191) ~[junit-4.8.2.jar:?]
	at org.junit.runners.ParentRunner.access$000(ParentRunner.java:42) ~[junit-4.8.2.jar:?]
	at org.junit.runners.ParentRunner$2.evaluate(ParentRunner.java:184) ~[junit-4.8.2.jar:?]
	at org.junit.runners.ParentRunner.run(ParentRunner.java:236) ~[junit-4.8.2.jar:?]
	at org.apache.maven.surefire.junit4.JUnit4Provider.execute(JUnit4Provider.java:316) ~[surefire-junit4-3.0.0.jar:3.0.0]
	at org.apache.maven.surefire.junit4.JUnit4Provider.executeWithRerun(JUnit4Provider.java:240) ~[surefire-junit4-3.0.0.jar:3.0.0]
	at org.apache.maven.surefire.junit4.JUnit4Provider.executeTestSet(JUnit4Provider.java:214) ~[surefire-junit4-3.0.0.jar:3.0.0]
	at org.apache.maven.surefire.junit4.JUnit4Provider.invoke(JUnit4Provider.java:155) ~[surefire-junit4-3.0.0.jar:3.0.0]
	at org.apache.maven.surefire.booter.ForkedBooter.runSuitesInProcess(ForkedBooter.java:385) ~[surefire-booter-3.0.0.jar:3.0.0]
	at org.apache.maven.surefire.booter.ForkedBooter.execute(ForkedBooter.java:162) ~[surefire-booter-3.0.0.jar:3.0.0]
	at org.apache.maven.surefire.booter.ForkedBooter.run(ForkedBooter.java:507) ~[surefire-booter-3.0.0.jar:3.0.0]
	at org.apache.maven.surefire.booter.ForkedBooter.main(ForkedBooter.java:495) ~[surefire-booter-3.0.0.jar:3.0.0]
2024-04-08 22:27:46,441 ERROR n.s.j.t.CellTransformer [main] An error has occurred: Invalid tag: <jt:doesnotexist/> at DNE!B47 (originally located at DNE!B3)
  inside tag "if" (net.sf.jett.tag.IfTag), at DNE!B47 (originally at DNE!B3)
  inside tag "forEach" (net.sf.jett.tag.ForEachTag), at DNE!A47 (originally at DNE!A3)
  inside tag "forEach" (net.sf.jett.tag.ForEachTag), at DNE!A1 (originally at DNE!A1)
net.sf.jett.exception.TagParseException: Invalid tag: <jt:doesnotexist/> at DNE!B47 (originally located at DNE!B3)
  inside tag "if" (net.sf.jett.tag.IfTag), at DNE!B47 (originally at DNE!B3)
  inside tag "forEach" (net.sf.jett.tag.ForEachTag), at DNE!A47 (originally at DNE!A3)
  inside tag "forEach" (net.sf.jett.tag.ForEachTag), at DNE!A1 (originally at DNE!A1)
	at net.sf.jett.transform.CellTransformer.transformCellTag(CellTransformer.java:294) ~[classes/:?]
	at net.sf.jett.transform.CellTransformer.transform(CellTransformer.java:124) ~[classes/:?]
	at net.sf.jett.transform.BlockTransformer.transform(BlockTransformer.java:73) ~[classes/:?]
	at net.sf.jett.transform.BlockTransformer.transform(BlockTransformer.java:36) ~[classes/:?]
	at net.sf.jett.tag.IfTag.process(IfTag.java:204) ~[classes/:?]
	at net.sf.jett.tag.BaseTag.processTag(BaseTag.java:244) ~[classes/:?]
	at net.sf.jett.transform.CellTransformer.transformCellTag(CellTransformer.java:303) ~[classes/:?]
	at net.sf.jett.transform.CellTransformer.transform(CellTransformer.java:124) ~[classes/:?]
	at net.sf.jett.transform.BlockTransformer.transform(BlockTransformer.java:73) ~[classes/:?]
	at net.sf.jett.transform.BlockTransformer.transform(BlockTransformer.java:36) ~[classes/:?]
	at net.sf.jett.tag.BaseLoopTag.process(BaseLoopTag.java:512) ~[classes/:?]
	at net.sf.jett.tag.BaseTag.processTag(BaseTag.java:244) ~[classes/:?]
	at net.sf.jett.transform.CellTransformer.transformCellTag(CellTransformer.java:303) ~[classes/:?]
	at net.sf.jett.transform.CellTransformer.transform(CellTransformer.java:124) ~[classes/:?]
	at net.sf.jett.transform.BlockTransformer.transform(BlockTransformer.java:73) ~[classes/:?]
	at net.sf.jett.transform.BlockTransformer.transform(BlockTransformer.java:36) ~[classes/:?]
	at net.sf.jett.tag.BaseLoopTag.process(BaseLoopTag.java:512) ~[classes/:?]
	at net.sf.jett.tag.BaseTag.processTag(BaseTag.java:244) ~[classes/:?]
	at net.sf.jett.transform.CellTransformer.transformCellTag(CellTransformer.java:303) ~[classes/:?]
	at net.sf.jett.transform.CellTransformer.transform(CellTransformer.java:124) ~[classes/:?]
	at net.sf.jett.transform.BlockTransformer.transform(BlockTransformer.java:73) ~[classes/:?]
	at net.sf.jett.transform.BlockTransformer.transform(BlockTransformer.java:36) ~[classes/:?]
	at net.sf.jett.transform.SheetTransformer.transform(SheetTransformer.java:151) ~[classes/:?]
	at net.sf.jett.transform.SheetTransformer.transform(SheetTransformer.java:77) ~[classes/:?]
	at net.sf.jett.transform.ExcelTransformer.transform(ExcelTransformer.java:405) ~[classes/:?]
	at net.sf.jett.transform.ExcelTransformer.transform(ExcelTransformer.java:379) ~[classes/:?]
	at net.sf.jett.test.TestCase.genericTest(TestCase.java:171) ~[test-classes/:?]
	at net.sf.jett.test.TestCase.testXls(TestCase.java:65) ~[test-classes/:?]
	at net.sf.jett.test.TagDoesNotExistTest.testXls(TagDoesNotExistTest.java:33) ~[test-classes/:?]
	at jdk.internal.reflect.NativeMethodAccessorImpl.invoke0(Native Method) ~[?:?]
	at jdk.internal.reflect.NativeMethodAccessorImpl.invoke(NativeMethodAccessorImpl.java:77) ~[?:?]
	at jdk.internal.reflect.DelegatingMethodAccessorImpl.invoke(DelegatingMethodAccessorImpl.java:43) ~[?:?]
	at java.lang.reflect.Method.invoke(Method.java:568) ~[?:?]
	at org.junit.runners.model.FrameworkMethod$1.runReflectiveCall(FrameworkMethod.java:44) ~[junit-4.8.2.jar:?]
	at org.junit.internal.runners.model.ReflectiveCallable.run(ReflectiveCallable.java:15) ~[junit-4.8.2.jar:?]
	at org.junit.runners.model.FrameworkMethod.invokeExplosively(FrameworkMethod.java:41) ~[junit-4.8.2.jar:?]
	at org.junit.internal.runners.statements.InvokeMethod.evaluate(InvokeMethod.java:20) ~[junit-4.8.2.jar:?]
	at org.junit.runners.BlockJUnit4ClassRunner.runNotIgnored(BlockJUnit4ClassRunner.java:79) ~[junit-4.8.2.jar:?]
	at org.junit.runners.BlockJUnit4ClassRunner.runChild(BlockJUnit4ClassRunner.java:71) ~[junit-4.8.2.jar:?]
	at org.junit.runners.BlockJUnit4ClassRunner.runChild(BlockJUnit4ClassRunner.java:49) ~[junit-4.8.2.jar:?]
	at org.junit.runners.ParentRunner$3.run(ParentRunner.java:193) ~[junit-4.8.2.jar:?]
	at org.junit.runners.ParentRunner$1.schedule(ParentRunner.java:52) ~[junit-4.8.2.jar:?]
	at org.junit.runners.ParentRunner.runChildren(ParentRunner.java:191) ~[junit-4.8.2.jar:?]
	at org.junit.runners.ParentRunner.access$000(ParentRunner.java:42) ~[junit-4.8.2.jar:?]
	at org.junit.runners.ParentRunner$2.evaluate(ParentRunner.java:184) ~[junit-4.8.2.jar:?]
	at org.junit.runners.ParentRunner.run(ParentRunner.java:236) ~[junit-4.8.2.jar:?]
	at org.apache.maven.surefire.junit4.JUnit4Provider.execute(JUnit4Provider.java:316) ~[surefire-junit4-3.0.0.jar:3.0.0]
	at org.apache.maven.surefire.junit4.JUnit4Provider.executeWithRerun(JUnit4Provider.java:240) ~[surefire-junit4-3.0.0.jar:3.0.0]
	at org.apache.maven.surefire.junit4.JUnit4Provider.executeTestSet(JUnit4Provider.java:214) ~[surefire-junit4-3.0.0.jar:3.0.0]
	at org.apache.maven.surefire.junit4.JUnit4Provider.invoke(JUnit4Provider.java:155) ~[surefire-junit4-3.0.0.jar:3.0.0]
	at org.apache.maven.surefire.booter.ForkedBooter.runSuitesInProcess(ForkedBooter.java:385) ~[surefire-booter-3.0.0.jar:3.0.0]
	at org.apache.maven.surefire.booter.ForkedBooter.execute(ForkedBooter.java:162) ~[surefire-booter-3.0.0.jar:3.0.0]
	at org.apache.maven.surefire.booter.ForkedBooter.run(ForkedBooter.java:507) ~[surefire-booter-3.0.0.jar:3.0.0]
	at org.apache.maven.surefire.booter.ForkedBooter.main(ForkedBooter.java:495) ~[surefire-booter-3.0.0.jar:3.0.0]
2024-04-08 22:27:46,473 ERROR n.s.j.t.CellTransformer [main] An error has occurred: Invalid tag: <jt:doesnotexist/> at DNE!B47 (originally located at DNE!B3)
  inside tag "if" (net.sf.jett.tag.IfTag), at DNE!B47 (originally at DNE!B3)
  inside tag "forEach" (net.sf.jett.tag.ForEachTag), at DNE!A47 (originally at DNE!A3)
  inside tag "forEach" (net.sf.jett.tag.ForEachTag), at DNE!A1 (originally at DNE!A1)
net.sf.jett.exception.TagParseException: Invalid tag: <jt:doesnotexist/> at DNE!B47 (originally located at DNE!B3)
  inside tag "if" (net.sf.jett.tag.IfTag), at DNE!B47 (originally at DNE!B3)
  inside tag "forEach" (net.sf.jett.tag.ForEachTag), at DNE!A47 (originally at DNE!A3)
  inside tag "forEach" (net.sf.jett.tag.ForEachTag), at DNE!A1 (originally at DNE!A1)
	at net.sf.jett.transform.CellTransformer.transformCellTag(CellTransformer.java:294) ~[classes/:?]
	at net.sf.jett.transform.CellTransformer.transform(CellTransformer.java:124) ~[classes/:?]
	at net.sf.jett.transform.BlockTransformer.transform(BlockTransformer.java:73) ~[classes/:?]
	at net.sf.jett.transform.BlockTransformer.transform(BlockTransformer.java:36) ~[classes/:?]
	at net.sf.jett.tag.IfTag.process(IfTag.java:204) ~[classes/:?]
	at net.sf.jett.tag.BaseTag.processTag(BaseTag.java:244) ~[classes/:?]
	at net.sf.jett.transform.CellTransformer.transformCellTag(CellTransformer.java:303) ~[classes/:?]
	at net.sf.jett.transform.CellTransformer.transform(CellTransformer.java:124) ~[classes/:?]
	at net.sf.jett.transform.BlockTransformer.transform(BlockTransformer.java:73) ~[classes/:?]
	at net.sf.jett.transform.BlockTransformer.transform(BlockTransformer.java:36) ~[classes/:?]
	at net.sf.jett.tag.BaseLoopTag.process(BaseLoopTag.java:512) ~[classes/:?]
	at net.sf.jett.tag.BaseTag.processTag(BaseTag.java:244) ~[classes/:?]
	at net.sf.jett.transform.CellTransformer.transformCellTag(CellTransformer.java:303) ~[classes/:?]
	at net.sf.jett.transform.CellTransformer.transform(CellTransformer.java:124) ~[classes/:?]
	at net.sf.jett.transform.BlockTransformer.transform(BlockTransformer.java:73) ~[classes/:?]
	at net.sf.jett.transform.BlockTransformer.transform(BlockTransformer.java:36) ~[classes/:?]
	at net.sf.jett.tag.BaseLoopTag.process(BaseLoopTag.java:512) ~[classes/:?]
	at net.sf.jett.tag.BaseTag.processTag(BaseTag.java:244) ~[classes/:?]
	at net.sf.jett.transform.CellTransformer.transformCellTag(CellTransformer.java:303) ~[classes/:?]
	at net.sf.jett.transform.CellTransformer.transform(CellTransformer.java:124) ~[classes/:?]
	at net.sf.jett.transform.BlockTransformer.transform(BlockTransformer.java:73) ~[classes/:?]
	at net.sf.jett.transform.BlockTransformer.transform(BlockTransformer.java:36) ~[classes/:?]
	at net.sf.jett.transform.SheetTransformer.transform(SheetTransformer.java:151) ~[classes/:?]
	at net.sf.jett.transform.SheetTransformer.transform(SheetTransformer.java:77) ~[classes/:?]
	at net.sf.jett.transform.ExcelTransformer.transform(ExcelTransformer.java:405) ~[classes/:?]
	at net.sf.jett.transform.ExcelTransformer.transform(ExcelTransformer.java:379) ~[classes/:?]
	at net.sf.jett.test.TestCase.genericTest(TestCase.java:171) ~[test-classes/:?]
	at net.sf.jett.test.TestCase.testXlsx(TestCase.java:85) ~[test-classes/:?]
	at net.sf.jett.test.TagDoesNotExistTest.testXlsx(TagDoesNotExistTest.java:53) ~[test-classes/:?]
	at jdk.internal.reflect.NativeMethodAccessorImpl.invoke0(Native Method) ~[?:?]
	at jdk.internal.reflect.NativeMethodAccessorImpl.invoke(NativeMethodAccessorImpl.java:77) ~[?:?]
	at jdk.internal.reflect.DelegatingMethodAccessorImpl.invoke(DelegatingMethodAccessorImpl.java:43) ~[?:?]
	at java.lang.reflect.Method.invoke(Method.java:568) ~[?:?]
	at org.junit.runners.model.FrameworkMethod$1.runReflectiveCall(FrameworkMethod.java:44) ~[junit-4.8.2.jar:?]
	at org.junit.internal.runners.model.ReflectiveCallable.run(ReflectiveCallable.java:15) ~[junit-4.8.2.jar:?]
	at org.junit.runners.model.FrameworkMethod.invokeExplosively(FrameworkMethod.java:41) ~[junit-4.8.2.jar:?]
	at org.junit.internal.runners.statements.InvokeMethod.evaluate(InvokeMethod.java:20) ~[junit-4.8.2.jar:?]
	at org.junit.runners.BlockJUnit4ClassRunner.runNotIgnored(BlockJUnit4ClassRunner.java:79) ~[junit-4.8.2.jar:?]
	at org.junit.runners.BlockJUnit4ClassRunner.runChild(BlockJUnit4ClassRunner.java:71) ~[junit-4.8.2.jar:?]
	at org.junit.runners.BlockJUnit4ClassRunner.runChild(BlockJUnit4ClassRunner.java:49) ~[junit-4.8.2.jar:?]
	at org.junit.runners.ParentRunner$3.run(ParentRunner.java:193) ~[junit-4.8.2.jar:?]
	at org.junit.runners.ParentRunner$1.schedule(ParentRunner.java:52) ~[junit-4.8.2.jar:?]
	at org.junit.runners.ParentRunner.runChildren(ParentRunner.java:191) ~[junit-4.8.2.jar:?]
	at org.junit.runners.ParentRunner.access$000(ParentRunner.java:42) ~[junit-4.8.2.jar:?]
	at org.junit.runners.ParentRunner$2.evaluate(ParentRunner.java:184) ~[junit-4.8.2.jar:?]
	at org.junit.runners.ParentRunner.run(ParentRunner.java:236) ~[junit-4.8.2.jar:?]
	at org.apache.maven.surefire.junit4.JUnit4Provider.execute(JUnit4Provider.java:316) ~[surefire-junit4-3.0.0.jar:3.0.0]
	at org.apache.maven.surefire.junit4.JUnit4Provider.executeWithRerun(JUnit4Provider.java:240) ~[surefire-junit4-3.0.0.jar:3.0.0]
	at org.apache.maven.surefire.junit4.JUnit4Provider.executeTestSet(JUnit4Provider.java:214) ~[surefire-junit4-3.0.0.jar:3.0.0]
	at org.apache.maven.surefire.junit4.JUnit4Provider.invoke(JUnit4Provider.java:155) ~[surefire-junit4-3.0.0.jar:3.0.0]
	at org.apache.maven.surefire.booter.ForkedBooter.runSuitesInProcess(ForkedBooter.java:385) ~[surefire-booter-3.0.0.jar:3.0.0]
	at org.apache.maven.surefire.booter.ForkedBooter.execute(ForkedBooter.java:162) ~[surefire-booter-3.0.0.jar:3.0.0]
	at org.apache.maven.surefire.booter.ForkedBooter.run(ForkedBooter.java:507) ~[surefire-booter-3.0.0.jar:3.0.0]
	at org.apache.maven.surefire.booter.ForkedBooter.main(ForkedBooter.java:495) ~[surefire-booter-3.0.0.jar:3.0.0]
2024-04-08 22:27:46,474 ERROR n.s.j.t.CellTransformer [main] An error has occurred: Invalid tag: <jt:doesnotexist/> at DNE!B47 (originally located at DNE!B3)
  inside tag "if" (net.sf.jett.tag.IfTag), at DNE!B47 (originally at DNE!B3)
  inside tag "forEach" (net.sf.jett.tag.ForEachTag), at DNE!A47 (originally at DNE!A3)
  inside tag "forEach" (net.sf.jett.tag.ForEachTag), at DNE!A1 (originally at DNE!A1)
net.sf.jett.exception.TagParseException: Invalid tag: <jt:doesnotexist/> at DNE!B47 (originally located at DNE!B3)
  inside tag "if" (net.sf.jett.tag.IfTag), at DNE!B47 (originally at DNE!B3)
  inside tag "forEach" (net.sf.jett.tag.ForEachTag), at DNE!A47 (originally at DNE!A3)
  inside tag "forEach" (net.sf.jett.tag.ForEachTag), at DNE!A1 (originally at DNE!A1)
	at net.sf.jett.transform.CellTransformer.transformCellTag(CellTransformer.java:294) ~[classes/:?]
	at net.sf.jett.transform.CellTransformer.transform(CellTransformer.java:124) ~[classes/:?]
	at net.sf.jett.transform.BlockTransformer.transform(BlockTransformer.java:73) ~[classes/:?]
	at net.sf.jett.transform.BlockTransformer.transform(BlockTransformer.java:36) ~[classes/:?]
	at net.sf.jett.tag.IfTag.process(IfTag.java:204) ~[classes/:?]
	at net.sf.jett.tag.BaseTag.processTag(BaseTag.java:244) ~[classes/:?]
	at net.sf.jett.transform.CellTransformer.transformCellTag(CellTransformer.java:303) ~[classes/:?]
	at net.sf.jett.transform.CellTransformer.transform(CellTransformer.java:124) ~[classes/:?]
	at net.sf.jett.transform.BlockTransformer.transform(BlockTransformer.java:73) ~[classes/:?]
	at net.sf.jett.transform.BlockTransformer.transform(BlockTransformer.java:36) ~[classes/:?]
	at net.sf.jett.tag.BaseLoopTag.process(BaseLoopTag.java:512) ~[classes/:?]
	at net.sf.jett.tag.BaseTag.processTag(BaseTag.java:244) ~[classes/:?]
	at net.sf.jett.transform.CellTransformer.transformCellTag(CellTransformer.java:303) ~[classes/:?]
	at net.sf.jett.transform.CellTransformer.transform(CellTransformer.java:124) ~[classes/:?]
	at net.sf.jett.transform.BlockTransformer.transform(BlockTransformer.java:73) ~[classes/:?]
	at net.sf.jett.transform.BlockTransformer.transform(BlockTransformer.java:36) ~[classes/:?]
	at net.sf.jett.tag.BaseLoopTag.process(BaseLoopTag.java:512) ~[classes/:?]
	at net.sf.jett.tag.BaseTag.processTag(BaseTag.java:244) ~[classes/:?]
	at net.sf.jett.transform.CellTransformer.transformCellTag(CellTransformer.java:303) ~[classes/:?]
	at net.sf.jett.transform.CellTransformer.transform(CellTransformer.java:124) ~[classes/:?]
	at net.sf.jett.transform.BlockTransformer.transform(BlockTransformer.java:73) ~[classes/:?]
	at net.sf.jett.transform.BlockTransformer.transform(BlockTransformer.java:36) ~[classes/:?]
	at net.sf.jett.transform.SheetTransformer.transform(SheetTransformer.java:151) ~[classes/:?]
	at net.sf.jett.transform.SheetTransformer.transform(SheetTransformer.java:77) ~[classes/:?]
	at net.sf.jett.transform.ExcelTransformer.transform(ExcelTransformer.java:405) ~[classes/:?]
	at net.sf.jett.transform.ExcelTransformer.transform(ExcelTransformer.java:379) ~[classes/:?]
	at net.sf.jett.test.TestCase.genericTest(TestCase.java:171) ~[test-classes/:?]
	at net.sf.jett.test.TestCase.testXlsx(TestCase.java:85) ~[test-classes/:?]
	at net.sf.jett.test.TagDoesNotExistTest.testXlsx(TagDoesNotExistTest.java:53) ~[test-classes/:?]
	at jdk.internal.reflect.NativeMethodAccessorImpl.invoke0(Native Method) ~[?:?]
	at jdk.internal.reflect.NativeMethodAccessorImpl.invoke(NativeMethodAccessorImpl.java:77) ~[?:?]
	at jdk.internal.reflect.DelegatingMethodAccessorImpl.invoke(DelegatingMethodAccessorImpl.java:43) ~[?:?]
	at java.lang.reflect.Method.invoke(Method.java:568) ~[?:?]
	at org.junit.runners.model.FrameworkMethod$1.runReflectiveCall(FrameworkMethod.java:44) ~[junit-4.8.2.jar:?]
	at org.junit.internal.runners.model.ReflectiveCallable.run(ReflectiveCallable.java:15) ~[junit-4.8.2.jar:?]
	at org.junit.runners.model.FrameworkMethod.invokeExplosively(FrameworkMethod.java:41) ~[junit-4.8.2.jar:?]
	at org.junit.internal.runners.statements.InvokeMethod.evaluate(InvokeMethod.java:20) ~[junit-4.8.2.jar:?]
	at org.junit.runners.BlockJUnit4ClassRunner.runNotIgnored(BlockJUnit4ClassRunner.java:79) ~[junit-4.8.2.jar:?]
	at org.junit.runners.BlockJUnit4ClassRunner.runChild(BlockJUnit4ClassRunner.java:71) ~[junit-4.8.2.jar:?]
	at org.junit.runners.BlockJUnit4ClassRunner.runChild(BlockJUnit4ClassRunner.java:49) ~[junit-4.8.2.jar:?]
	at org.junit.runners.ParentRunner$3.run(ParentRunner.java:193) ~[junit-4.8.2.jar:?]
	at org.junit.runners.ParentRunner$1.schedule(ParentRunner.java:52) ~[junit-4.8.2.jar:?]
	at org.junit.runners.ParentRunner.runChildren(ParentRunner.java:191) ~[junit-4.8.2.jar:?]
	at org.junit.runners.ParentRunner.access$000(ParentRunner.java:42) ~[junit-4.8.2.jar:?]
	at org.junit.runners.ParentRunner$2.evaluate(ParentRunner.java:184) ~[junit-4.8.2.jar:?]
	at org.junit.runners.ParentRunner.run(ParentRunner.java:236) ~[junit-4.8.2.jar:?]
	at org.apache.maven.surefire.junit4.JUnit4Provider.execute(JUnit4Provider.java:316) ~[surefire-junit4-3.0.0.jar:3.0.0]
	at org.apache.maven.surefire.junit4.JUnit4Provider.executeWithRerun(JUnit4Provider.java:240) ~[surefire-junit4-3.0.0.jar:3.0.0]
	at org.apache.maven.surefire.junit4.JUnit4Provider.executeTestSet(JUnit4Provider.java:214) ~[surefire-junit4-3.0.0.jar:3.0.0]
	at org.apache.maven.surefire.junit4.JUnit4Provider.invoke(JUnit4Provider.java:155) ~[surefire-junit4-3.0.0.jar:3.0.0]
	at org.apache.maven.surefire.booter.ForkedBooter.runSuitesInProcess(ForkedBooter.java:385) ~[surefire-booter-3.0.0.jar:3.0.0]
	at org.apache.maven.surefire.booter.ForkedBooter.execute(ForkedBooter.java:162) ~[surefire-booter-3.0.0.jar:3.0.0]
	at org.apache.maven.surefire.booter.ForkedBooter.run(ForkedBooter.java:507) ~[surefire-booter-3.0.0.jar:3.0.0]
	at org.apache.maven.surefire.booter.ForkedBooter.main(ForkedBooter.java:495) ~[surefire-booter-3.0.0.jar:3.0.0]
2024-04-08 22:27:46,474 ERROR n.s.j.t.CellTransformer [main] An error has occurred: Invalid tag: <jt:doesnotexist/> at DNE!B47 (originally located at DNE!B3)
  inside tag "if" (net.sf.jett.tag.IfTag), at DNE!B47 (originally at DNE!B3)
  inside tag "forEach" (net.sf.jett.tag.ForEachTag), at DNE!A47 (originally at DNE!A3)
  inside tag "forEach" (net.sf.jett.tag.ForEachTag), at DNE!A1 (originally at DNE!A1)
net.sf.jett.exception.TagParseException: Invalid tag: <jt:doesnotexist/> at DNE!B47 (originally located at DNE!B3)
  inside tag "if" (net.sf.jett.tag.IfTag), at DNE!B47 (originally at DNE!B3)
  inside tag "forEach" (net.sf.jett.tag.ForEachTag), at DNE!A47 (originally at DNE!A3)
  inside tag "forEach" (net.sf.jett.tag.ForEachTag), at DNE!A1 (originally at DNE!A1)
	at net.sf.jett.transform.CellTransformer.transformCellTag(CellTransformer.java:294) ~[classes/:?]
	at net.sf.jett.transform.CellTransformer.transform(CellTransformer.java:124) ~[classes/:?]
	at net.sf.jett.transform.BlockTransformer.transform(BlockTransformer.java:73) ~[classes/:?]
	at net.sf.jett.transform.BlockTransformer.transform(BlockTransformer.java:36) ~[classes/:?]
	at net.sf.jett.tag.IfTag.process(IfTag.java:204) ~[classes/:?]
	at net.sf.jett.tag.BaseTag.processTag(BaseTag.java:244) ~[classes/:?]
	at net.sf.jett.transform.CellTransformer.transformCellTag(CellTransformer.java:303) ~[classes/:?]
	at net.sf.jett.transform.CellTransformer.transform(CellTransformer.java:124) ~[classes/:?]
	at net.sf.jett.transform.BlockTransformer.transform(BlockTransformer.java:73) ~[classes/:?]
	at net.sf.jett.transform.BlockTransformer.transform(BlockTransformer.java:36) ~[classes/:?]
	at net.sf.jett.tag.BaseLoopTag.process(BaseLoopTag.java:512) ~[classes/:?]
	at net.sf.jett.tag.BaseTag.processTag(BaseTag.java:244) ~[classes/:?]
	at net.sf.jett.transform.CellTransformer.transformCellTag(CellTransformer.java:303) ~[classes/:?]
	at net.sf.jett.transform.CellTransformer.transform(CellTransformer.java:124) ~[classes/:?]
	at net.sf.jett.transform.BlockTransformer.transform(BlockTransformer.java:73) ~[classes/:?]
	at net.sf.jett.transform.BlockTransformer.transform(BlockTransformer.java:36) ~[classes/:?]
	at net.sf.jett.tag.BaseLoopTag.process(BaseLoopTag.java:512) ~[classes/:?]
	at net.sf.jett.tag.BaseTag.processTag(BaseTag.java:244) ~[classes/:?]
	at net.sf.jett.transform.CellTransformer.transformCellTag(CellTransformer.java:303) ~[classes/:?]
	at net.sf.jett.transform.CellTransformer.transform(CellTransformer.java:124) ~[classes/:?]
	at net.sf.jett.transform.BlockTransformer.transform(BlockTransformer.java:73) ~[classes/:?]
	at net.sf.jett.transform.BlockTransformer.transform(BlockTransformer.java:36) ~[classes/:?]
	at net.sf.jett.transform.SheetTransformer.transform(SheetTransformer.java:151) ~[classes/:?]
	at net.sf.jett.transform.SheetTransformer.transform(SheetTransformer.java:77) ~[classes/:?]
	at net.sf.jett.transform.ExcelTransformer.transform(ExcelTransformer.java:405) ~[classes/:?]
	at net.sf.jett.transform.ExcelTransformer.transform(ExcelTransformer.java:379) ~[classes/:?]
	at net.sf.jett.test.TestCase.genericTest(TestCase.java:171) ~[test-classes/:?]
	at net.sf.jett.test.TestCase.testXlsx(TestCase.java:85) ~[test-classes/:?]
	at net.sf.jett.test.TagDoesNotExistTest.testXlsx(TagDoesNotExistTest.java:53) ~[test-classes/:?]
	at jdk.internal.reflect.NativeMethodAccessorImpl.invoke0(Native Method) ~[?:?]
	at jdk.internal.reflect.NativeMethodAccessorImpl.invoke(NativeMethodAccessorImpl.java:77) ~[?:?]
	at jdk.internal.reflect.DelegatingMethodAccessorImpl.invoke(DelegatingMethodAccessorImpl.java:43) ~[?:?]
	at java.lang.reflect.Method.invoke(Method.java:568) ~[?:?]
	at org.junit.runners.model.FrameworkMethod$1.runReflectiveCall(FrameworkMethod.java:44) ~[junit-4.8.2.jar:?]
	at org.junit.internal.runners.model.ReflectiveCallable.run(ReflectiveCallable.java:15) ~[junit-4.8.2.jar:?]
	at org.junit.runners.model.FrameworkMethod.invokeExplosively(FrameworkMethod.java:41) ~[junit-4.8.2.jar:?]
	at org.junit.internal.runners.statements.InvokeMethod.evaluate(InvokeMethod.java:20) ~[junit-4.8.2.jar:?]
	at org.junit.runners.BlockJUnit4ClassRunner.runNotIgnored(BlockJUnit4ClassRunner.java:79) ~[junit-4.8.2.jar:?]
	at org.junit.runners.BlockJUnit4ClassRunner.runChild(BlockJUnit4ClassRunner.java:71) ~[junit-4.8.2.jar:?]
	at org.junit.runners.BlockJUnit4ClassRunner.runChild(BlockJUnit4ClassRunner.java:49) ~[junit-4.8.2.jar:?]
	at org.junit.runners.ParentRunner$3.run(ParentRunner.java:193) ~[junit-4.8.2.jar:?]
	at org.junit.runners.ParentRunner$1.schedule(ParentRunner.java:52) ~[junit-4.8.2.jar:?]
	at org.junit.runners.ParentRunner.runChildren(ParentRunner.java:191) ~[junit-4.8.2.jar:?]
	at org.junit.runners.ParentRunner.access$000(ParentRunner.java:42) ~[junit-4.8.2.jar:?]
	at org.junit.runners.ParentRunner$2.evaluate(ParentRunner.java:184) ~[junit-4.8.2.jar:?]
	at org.junit.runners.ParentRunner.run(ParentRunner.java:236) ~[junit-4.8.2.jar:?]
	at org.apache.maven.surefire.junit4.JUnit4Provider.execute(JUnit4Provider.java:316) ~[surefire-junit4-3.0.0.jar:3.0.0]
	at org.apache.maven.surefire.junit4.JUnit4Provider.executeWithRerun(JUnit4Provider.java:240) ~[surefire-junit4-3.0.0.jar:3.0.0]
	at org.apache.maven.surefire.junit4.JUnit4Provider.executeTestSet(JUnit4Provider.java:214) ~[surefire-junit4-3.0.0.jar:3.0.0]
	at org.apache.maven.surefire.junit4.JUnit4Provider.invoke(JUnit4Provider.java:155) ~[surefire-junit4-3.0.0.jar:3.0.0]
	at org.apache.maven.surefire.booter.ForkedBooter.runSuitesInProcess(ForkedBooter.java:385) ~[surefire-booter-3.0.0.jar:3.0.0]
	at org.apache.maven.surefire.booter.ForkedBooter.execute(ForkedBooter.java:162) ~[surefire-booter-3.0.0.jar:3.0.0]
	at org.apache.maven.surefire.booter.ForkedBooter.run(ForkedBooter.java:507) ~[surefire-booter-3.0.0.jar:3.0.0]
	at org.apache.maven.surefire.booter.ForkedBooter.main(ForkedBooter.java:495) ~[surefire-booter-3.0.0.jar:3.0.0]
2024-04-08 22:27:46,475 ERROR n.s.j.t.CellTransformer [main] An error has occurred: Invalid tag: <jt:doesnotexist/> at DNE!B47 (originally located at DNE!B3)
  inside tag "if" (net.sf.jett.tag.IfTag), at DNE!B47 (originally at DNE!B3)
  inside tag "forEach" (net.sf.jett.tag.ForEachTag), at DNE!A47 (originally at DNE!A3)
  inside tag "forEach" (net.sf.jett.tag.ForEachTag), at DNE!A1 (originally at DNE!A1)
net.sf.jett.exception.TagParseException: Invalid tag: <jt:doesnotexist/> at DNE!B47 (originally located at DNE!B3)
  inside tag "if" (net.sf.jett.tag.IfTag), at DNE!B47 (originally at DNE!B3)
  inside tag "forEach" (net.sf.jett.tag.ForEachTag), at DNE!A47 (originally at DNE!A3)
  inside tag "forEach" (net.sf.jett.tag.ForEachTag), at DNE!A1 (originally at DNE!A1)
	at net.sf.jett.transform.CellTransformer.transformCellTag(CellTransformer.java:294) ~[classes/:?]
	at net.sf.jett.transform.CellTransformer.transform(CellTransformer.java:124) ~[classes/:?]
	at net.sf.jett.transform.BlockTransformer.transform(BlockTransformer.java:73) ~[classes/:?]
	at net.sf.jett.transform.BlockTransformer.transform(BlockTransformer.java:36) ~[classes/:?]
	at net.sf.jett.tag.IfTag.process(IfTag.java:204) ~[classes/:?]
	at net.sf.jett.tag.BaseTag.processTag(BaseTag.java:244) ~[classes/:?]
	at net.sf.jett.transform.CellTransformer.transformCellTag(CellTransformer.java:303) ~[classes/:?]
	at net.sf.jett.transform.CellTransformer.transform(CellTransformer.java:124) ~[classes/:?]
	at net.sf.jett.transform.BlockTransformer.transform(BlockTransformer.java:73) ~[classes/:?]
	at net.sf.jett.transform.BlockTransformer.transform(BlockTransformer.java:36) ~[classes/:?]
	at net.sf.jett.tag.BaseLoopTag.process(BaseLoopTag.java:512) ~[classes/:?]
	at net.sf.jett.tag.BaseTag.processTag(BaseTag.java:244) ~[classes/:?]
	at net.sf.jett.transform.CellTransformer.transformCellTag(CellTransformer.java:303) ~[classes/:?]
	at net.sf.jett.transform.CellTransformer.transform(CellTransformer.java:124) ~[classes/:?]
	at net.sf.jett.transform.BlockTransformer.transform(BlockTransformer.java:73) ~[classes/:?]
	at net.sf.jett.transform.BlockTransformer.transform(BlockTransformer.java:36) ~[classes/:?]
	at net.sf.jett.tag.BaseLoopTag.process(BaseLoopTag.java:512) ~[classes/:?]
	at net.sf.jett.tag.BaseTag.processTag(BaseTag.java:244) ~[classes/:?]
	at net.sf.jett.transform.CellTransformer.transformCellTag(CellTransformer.java:303) ~[classes/:?]
	at net.sf.jett.transform.CellTransformer.transform(CellTransformer.java:124) ~[classes/:?]
	at net.sf.jett.transform.BlockTransformer.transform(BlockTransformer.java:73) ~[classes/:?]
	at net.sf.jett.transform.BlockTransformer.transform(BlockTransformer.java:36) ~[classes/:?]
	at net.sf.jett.transform.SheetTransformer.transform(SheetTransformer.java:151) ~[classes/:?]
	at net.sf.jett.transform.SheetTransformer.transform(SheetTransformer.java:77) ~[classes/:?]
	at net.sf.jett.transform.ExcelTransformer.transform(ExcelTransformer.java:405) ~[classes/:?]
	at net.sf.jett.transform.ExcelTransformer.transform(ExcelTransformer.java:379) ~[classes/:?]
	at net.sf.jett.test.TestCase.genericTest(TestCase.java:171) ~[test-classes/:?]
	at net.sf.jett.test.TestCase.testXlsx(TestCase.java:85) ~[test-classes/:?]
	at net.sf.jett.test.TagDoesNotExistTest.testXlsx(TagDoesNotExistTest.java:53) ~[test-classes/:?]
	at jdk.internal.reflect.NativeMethodAccessorImpl.invoke0(Native Method) ~[?:?]
	at jdk.internal.reflect.NativeMethodAccessorImpl.invoke(NativeMethodAccessorImpl.java:77) ~[?:?]
	at jdk.internal.reflect.DelegatingMethodAccessorImpl.invoke(DelegatingMethodAccessorImpl.java:43) ~[?:?]
	at java.lang.reflect.Method.invoke(Method.java:568) ~[?:?]
	at org.junit.runners.model.FrameworkMethod$1.runReflectiveCall(FrameworkMethod.java:44) ~[junit-4.8.2.jar:?]
	at org.junit.internal.runners.model.ReflectiveCallable.run(ReflectiveCallable.java:15) ~[junit-4.8.2.jar:?]
	at org.junit.runners.model.FrameworkMethod.invokeExplosively(FrameworkMethod.java:41) ~[junit-4.8.2.jar:?]
	at org.junit.internal.runners.statements.InvokeMethod.evaluate(InvokeMethod.java:20) ~[junit-4.8.2.jar:?]
	at org.junit.runners.BlockJUnit4ClassRunner.runNotIgnored(BlockJUnit4ClassRunner.java:79) ~[junit-4.8.2.jar:?]
	at org.junit.runners.BlockJUnit4ClassRunner.runChild(BlockJUnit4ClassRunner.java:71) ~[junit-4.8.2.jar:?]
	at org.junit.runners.BlockJUnit4ClassRunner.runChild(BlockJUnit4ClassRunner.java:49) ~[junit-4.8.2.jar:?]
	at org.junit.runners.ParentRunner$3.run(ParentRunner.java:193) ~[junit-4.8.2.jar:?]
	at org.junit.runners.ParentRunner$1.schedule(ParentRunner.java:52) ~[junit-4.8.2.jar:?]
	at org.junit.runners.ParentRunner.runChildren(ParentRunner.java:191) ~[junit-4.8.2.jar:?]
	at org.junit.runners.ParentRunner.access$000(ParentRunner.java:42) ~[junit-4.8.2.jar:?]
	at org.junit.runners.ParentRunner$2.evaluate(ParentRunner.java:184) ~[junit-4.8.2.jar:?]
	at org.junit.runners.ParentRunner.run(ParentRunner.java:236) ~[junit-4.8.2.jar:?]
	at org.apache.maven.surefire.junit4.JUnit4Provider.execute(JUnit4Provider.java:316) ~[surefire-junit4-3.0.0.jar:3.0.0]
	at org.apache.maven.surefire.junit4.JUnit4Provider.executeWithRerun(JUnit4Provider.java:240) ~[surefire-junit4-3.0.0.jar:3.0.0]
	at org.apache.maven.surefire.junit4.JUnit4Provider.executeTestSet(JUnit4Provider.java:214) ~[surefire-junit4-3.0.0.jar:3.0.0]
	at org.apache.maven.surefire.junit4.JUnit4Provider.invoke(JUnit4Provider.java:155) ~[surefire-junit4-3.0.0.jar:3.0.0]
	at org.apache.maven.surefire.booter.ForkedBooter.runSuitesInProcess(ForkedBooter.java:385) ~[surefire-booter-3.0.0.jar:3.0.0]
	at org.apache.maven.surefire.booter.ForkedBooter.execute(ForkedBooter.java:162) ~[surefire-booter-3.0.0.jar:3.0.0]
	at org.apache.maven.surefire.booter.ForkedBooter.run(ForkedBooter.java:507) ~[surefire-booter-3.0.0.jar:3.0.0]
	at org.apache.maven.surefire.booter.ForkedBooter.main(ForkedBooter.java:495) ~[surefire-booter-3.0.0.jar:3.0.0]
